<?xml version="1.0" encoding="UTF-8"?>
<!-- Generated by org.testng.reporters.JUnitReportReporter -->
<testsuite hostname="LAPTOP-B1DFVDTC" failures="0" tests="1" name="PageObjectModel_Test.Facebook_login3" time="18.032" errors="0" timestamp="2023-11-03T16:03:38 IST" skipped="0">
  <testcase classname="PageObjectModel_Test.Facebook_login3" name="Test" time="18.032"/>
</testsuite> <!-- PageObjectModel_Test.Facebook_login3 -->
