<?xml version="1.0" encoding="UTF-8"?>
<!-- Generated by org.testng.reporters.JUnitReportReporter -->
<testsuite hostname="LAPTOP-B1DFVDTC" failures="0" tests="1" name="PageObjectModel_Test.Facebook_Login2" time="19.894" errors="0" timestamp="2023-12-12T14:57:13 IST" skipped="0">
  <testcase classname="PageObjectModel_Test.Facebook_Login2" name="Test" time="19.894"/>
</testsuite> <!-- PageObjectModel_Test.Facebook_Login2 -->
