<?xml version="1.0" encoding="UTF-8"?>
<!-- Generated by org.testng.reporters.JUnitReportReporter -->
<testsuite hostname="LAPTOP-B1DFVDTC" failures="0" tests="1" name="LUMA_TEST.LUMA_TEST21" time="46.636" errors="0" timestamp="2024-02-17T22:37:03 IST" skipped="0">
  <testcase classname="LUMA_TEST.LUMA_TEST21" name="Test" time="46.636"/>
</testsuite> <!-- LUMA_TEST.LUMA_TEST21 -->
