<?xml version="1.0" encoding="UTF-8"?>
<!-- Generated by org.testng.reporters.JUnitReportReporter -->
<testsuite hostname="LAPTOP-B1DFVDTC" failures="0" tests="1" name="Cucumber_definition_file.TestRunner" time="17.164" errors="0" timestamp="2024-03-24T11:56:14 IST" skipped="0">
  <testcase classname="Cucumber_definition_file.TestRunner" name="runScenario" time="17.164"/>
</testsuite> <!-- Cucumber_definition_file.TestRunner -->
