<?xml version="1.0" encoding="UTF-8"?>
<!-- Generated by org.testng.reporters.JUnitReportReporter -->
<testsuite hostname="LAPTOP-B1DFVDTC" failures="0" tests="1" name="PageObjectModel_Test.Login_TC2" time="28.482" errors="0" timestamp="2023-08-10T11:23:45 IST" skipped="0">
  <testcase classname="PageObjectModel_Test.Login_TC2" name="Test" time="28.482"/>
</testsuite> <!-- PageObjectModel_Test.Login_TC2 -->
